gettext :  get inner text value of html code whihc is inbetween starting n closing tag, it trims the all spaces.
text value visible in HTML,   it bring value in one line

getAttribute  ("innerHTML")   : paragraph value ko as it is lane ke liye, jaisa hai no trim
paragrabh me jo txt bvalue hoti hai jo ki CSS se hidden hoti hai
Yeh value ko as it is laata hai

getAttribute  ("innerText")

getAttribute  ("textContent")


USe above jo chal jaye====[RemoteTestNG] detected TestNG version 7.4.0
Starting ChromeDriver 116.0.5845.96 (1a391816688002153ef791ffe60d9e899a71a037-refs/branch-heads/5845@{#1382}) on port 36045
Only local connections are allowed.
Please see https://chromedriver.chromium.org/security-considerations for suggestions on keeping ChromeDriver safe.
ChromeDriver was started successfully.
[1695294585.107][WARNING]: This version of ChromeDriver has not been tested with Chrome version 117.
Sep 21, 2023 4:39:45 PM org.openqa.selenium.devtools.CdpVersionFinder findNearestMatch
WARNING: Unable to find CDP implementation matching 117
Sep 21, 2023 4:39:45 PM org.openqa.selenium.chromium.ChromiumDriver lambda$new$3
WARNING: Unable to find version of CDP to use for . You may need to include a dependency on a specific version of the CDP using something similar to `org.seleniumhq.selenium:selenium-devtools-v86:4.7.1` where the version ("v86") matches the version of the chromium-based browser you're using and the version number of the artifact is the same as Selenium's.
Size=25
https://mail.google.com/mail/&ogbl
https://www.google.com/imghp?hl=en&ogbl
https://www.google.co.in/intl/en/about/products
https://accounts.google.com/ServiceLogin?hl=en&passive=true&continue=https://www.google.com/&ec=GAZAmgQ
https://www.google.com/#
https://www.google.com/setprefs?sig=0_f5koeIjQ9PR0GvZeQW8eZ8DhqqY%3D&hl=hi&source=homepage&sa=X&ved=0ahUKEwi5rMu8yLuBAxUWDrkGHQUXD-4Q2ZgBCBE
https://www.google.com/setprefs?sig=0_f5koeIjQ9PR0GvZeQW8eZ8DhqqY%3D&hl=bn&source=homepage&sa=X&ved=0ahUKEwi5rMu8yLuBAxUWDrkGHQUXD-4Q2ZgBCBI
https://www.google.com/setprefs?sig=0_f5koeIjQ9PR0GvZeQW8eZ8DhqqY%3D&hl=te&source=homepage&sa=X&ved=0ahUKEwi5rMu8yLuBAxUWDrkGHQUXD-4Q2ZgBCBM
https://www.google.com/setprefs?sig=0_f5koeIjQ9PR0GvZeQW8eZ8DhqqY%3D&hl=mr&source=homepage&sa=X&ved=0ahUKEwi5rMu8yLuBAxUWDrkGHQUXD-4Q2ZgBCBQ
https://www.google.com/setprefs?sig=0_f5koeIjQ9PR0GvZeQW8eZ8DhqqY%3D&hl=ta&source=homepage&sa=X&ved=0ahUKEwi5rMu8yLuBAxUWDrkGHQUXD-4Q2ZgBCBU
https://www.google.com/setprefs?sig=0_f5koeIjQ9PR0GvZeQW8eZ8DhqqY%3D&hl=gu&source=homepage&sa=X&ved=0ahUKEwi5rMu8yLuBAxUWDrkGHQUXD-4Q2ZgBCBY
https://www.google.com/setprefs?sig=0_f5koeIjQ9PR0GvZeQW8eZ8DhqqY%3D&hl=kn&source=homepage&sa=X&ved=0ahUKEwi5rMu8yLuBAxUWDrkGHQUXD-4Q2ZgBCBc
https://www.google.com/setprefs?sig=0_f5koeIjQ9PR0GvZeQW8eZ8DhqqY%3D&hl=ml&source=homepage&sa=X&ved=0ahUKEwi5rMu8yLuBAxUWDrkGHQUXD-4Q2ZgBCBg
https://www.google.com/setprefs?sig=0_f5koeIjQ9PR0GvZeQW8eZ8DhqqY%3D&hl=pa&source=homepage&sa=X&ved=0ahUKEwi5rMu8yLuBAxUWDrkGHQUXD-4Q2ZgBCBk
https://about.google/?utm_source=google-IN&utm_medium=referral&utm_campaign=hp-footer&fg=1
https://www.google.com/intl/en_in/ads/?subid=ww-ww-et-g-awa-a-g_hpafoot1_1!o2&utm_source=google.com&utm_medium=referral&utm_campaign=google_hpafooter&fg=1
https://www.google.com/services/?subid=ww-ww-et-g-awa-a-g_hpbfoot1_1!o2&utm_source=google.com&utm_medium=referral&utm_campaign=google_hpbfooter&fg=1
https://google.com/search/howsearchworks/?fg=1
https://policies.google.com/privacy?hl=en-IN&fg=1
https://policies.google.com/terms?hl=en-IN&fg=1
https://www.google.com/preferences?hl=en-IN&fg=1
https://www.google.com/advanced_search?hl=en-IN&fg=1
https://www.google.com/history/privacyadvisor/search/unauth?utm_source=googlemenu&fg=1&cctld=com
https://www.google.com/history/optout?hl=en-IN&fg=1
https://support.google.com/websearch/?p=ws_results_help&hl=en-IN&fg=1
PASSED: atWait

===============================================
    Default test
    Tests run: 1, Failures: 0, Skips: 0
===============================================


===============================================
Default suite
Total tests run: 1, Passes: 1, Failures: 0, Skips: 0
===============================================

[RemoteTestNG] detected TestNG version 7.4.0
Starting ChromeDriver 116.0.5845.96 (1a391816688002153ef791ffe60d9e899a71a037-refs/branch-heads/5845@{#1382}) on port 1981
Only local connections are allowed.
Please see https://chromedriver.chromium.org/security-considerations for suggestions on keeping ChromeDriver safe.
ChromeDriver was started successfully.
[1695295308.422][WARNING]: This version of ChromeDriver has not been tested with Chrome version 117.
Sep 21, 2023 4:51:48 PM org.openqa.selenium.devtools.CdpVersionFinder findNearestMatch
WARNING: Unable to find CDP implementation matching 117
Sep 21, 2023 4:51:48 PM org.openqa.selenium.chromium.ChromiumDriver lambda$new$3
WARNING: Unable to find version of CDP to use for . You may need to include a dependency on a specific version of the CDP using something similar to `org.seleniumhq.selenium:selenium-devtools-v86:4.7.1` where the version ("v86") matches the version of the chromium-based browser you're using and the version number of the artifact is the same as Selenium's.
Size=25
https://policies.google.com/terms?hl=en-IN&fg=1
FAILED: atWait
org.openqa.selenium.StaleElementReferenceException: stale element reference: stale element not found
  (Session info: chrome=117.0.5938.89)
For documentation on this error, please visit: https://selenium.dev/exceptions/#stale_element_reference
Build info: version: '4.7.1', revision: 'c6795baf1a3'
System info: os.name: 'Windows 11', os.arch: 'amd64', os.version: '10.0', java.version: '17.0.6'
Driver info: org.openqa.selenium.chrome.ChromeDriver
Command: [3cc543d0be94304562f82e82fb17e4aa, clickElement {id=223E96EC1C3D862B8A63E11864A3299E_element_19}]
Capabilities {acceptInsecureCerts: false, browserName: chrome, browserVersion: 117.0.5938.89, chrome: {chromedriverVersion: 116.0.5845.96 (1a3918166880..., userDataDir: C:\Users\rachi\AppData\Loca...}, fedcm:accounts: true, goog:chromeOptions: {debuggerAddress: localhost:51494}, networkConnectionEnabled: false, pageLoadStrategy: normal, platformName: WINDOWS, proxy: Proxy(), se:cdp: ws://localhost:51494/devtoo..., se:cdpVersion: 117.0.5938.89, setWindowRect: true, strictFileInteractability: false, timeouts: {implicit: 0, pageLoad: 300000, script: 30000}, unhandledPromptBehavior: dismiss and notify, webauthn:extension:credBlob: true, webauthn:extension:largeBlob: true, webauthn:extension:minPinLength: true, webauthn:extension:prf: true, webauthn:virtualAuthenticators: true}
Element: [[ChromeDriver: chrome on WINDOWS (3cc543d0be94304562f82e82fb17e4aa)] -> tag name: a]
Session ID: 3cc543d0be94304562f82e82fb17e4aa
	at java.base/jdk.internal.reflect.NativeConstructorAccessorImpl.newInstance0(Native Method)
	at java.base/jdk.internal.reflect.NativeConstructorAccessorImpl.newInstance(NativeConstructorAccessorImpl.java:77)
	at java.base/jdk.internal.reflect.DelegatingConstructorAccessorImpl.newInstance(DelegatingConstructorAccessorImpl.java:45)
	at java.base/java.lang.reflect.Constructor.newInstanceWithCaller(Constructor.java:499)
	at java.base/java.lang.reflect.Constructor.newInstance(Constructor.java:480)
	at org.openqa.selenium.remote.codec.w3c.W3CHttpResponseCodec.createException(W3CHttpResponseCodec.java:200)
	at org.openqa.selenium.remote.codec.w3c.W3CHttpResponseCodec.decode(W3CHttpResponseCodec.java:133)
	at org.openqa.selenium.remote.codec.w3c.W3CHttpResponseCodec.decode(W3CHttpResponseCodec.java:53)
	at org.openqa.selenium.remote.HttpCommandExecutor.execute(HttpCommandExecutor.java:184)
	at org.openqa.selenium.remote.service.DriverCommandExecutor.invokeExecute(DriverCommandExecutor.java:167)
	at org.openqa.selenium.remote.service.DriverCommandExecutor.execute(DriverCommandExecutor.java:142)
	at org.openqa.selenium.remote.RemoteWebDriver.execute(RemoteWebDriver.java:551)
	at org.openqa.selenium.remote.RemoteWebElement.execute(RemoteWebElement.java:257)
	at org.openqa.selenium.remote.RemoteWebElement.click(RemoteWebElement.java:78)
	at random.PKG.randomClickonLink.atWait(randomClickonLink.java:37)
	at java.base/jdk.internal.reflect.NativeMethodAccessorImpl.invoke0(Native Method)
	at java.base/jdk.internal.reflect.NativeMethodAccessorImpl.invoke(NativeMethodAccessorImpl.java:77)
	at java.base/jdk.internal.reflect.DelegatingMethodAccessorImpl.invoke(DelegatingMethodAccessorImpl.java:43)
	at java.base/java.lang.reflect.Method.invoke(Method.java:568)
	at org.testng.internal.MethodInvocationHelper.invokeMethod(MethodInvocationHelper.java:133)
	at org.testng.internal.TestInvoker.invokeMethod(TestInvoker.java:598)
	at org.testng.internal.TestInvoker.invokeTestMethod(TestInvoker.java:173)
	at org.testng.internal.MethodRunner.runInSequence(MethodRunner.java:46)
	at org.testng.internal.TestInvoker$MethodInvocationAgent.invoke(TestInvoker.java:824)
	at org.testng.internal.TestInvoker.invokeTestMethods(TestInvoker.java:146)
	at org.testng.internal.TestMethodWorker.invokeTestMethods(TestMethodWorker.java:146)
	at org.testng.internal.TestMethodWorker.run(TestMethodWorker.java:128)
	at java.base/java.util.ArrayList.forEach(ArrayList.java:1511)
	at org.testng.TestRunner.privateRun(TestRunner.java:794)
	at org.testng.TestRunner.run(TestRunner.java:596)
	at org.testng.SuiteRunner.runTest(SuiteRunner.java:377)
	at org.testng.SuiteRunner.runSequentially(SuiteRunner.java:371)
	at org.testng.SuiteRunner.privateRun(SuiteRunner.java:332)
	at org.testng.SuiteRunner.run(SuiteRunner.java:276)
	at org.testng.SuiteRunnerWorker.runSuite(SuiteRunnerWorker.java:53)
	at org.testng.SuiteRunnerWorker.run(SuiteRunnerWorker.java:96)
	at org.testng.TestNG.runSuitesSequentially(TestNG.java:1212)
	at org.testng.TestNG.runSuitesLocally(TestNG.java:1134)
	at org.testng.TestNG.runSuites(TestNG.java:1063)
	at org.testng.TestNG.run(TestNG.java:1031)
	at org.testng.remote.AbstractRemoteTestNG.run(AbstractRemoteTestNG.java:115)
	at org.testng.remote.RemoteTestNG.initAndRun(RemoteTestNG.java:251)
	at org.testng.remote.RemoteTestNG.main(RemoteTestNG.java:77)


===============================================
    Default test
    Tests run: 1, Failures: 1, Skips: 0
===============================================


===============================================
Default suite
Total tests run: 1, Passes: 0, Failures: 1, Skips: 0
===============================================

